

**** Using NetCDF library version 4.9.2 of Oct  9 2023 16:13:23 $


 No. of dimensions   6 No of vars  11 No. of global attibutes   4 Unlimited dimension   1
 - Global Attribute: Conventions                            NF90_CHAR   length  5 valor: AMBER
 - Global Attribute: ConventionVersion                      NF90_CHAR   length  3 valor: 1.0
 - Global Attribute: program                                NF90_CHAR   length  6 valor: LAMMPS
 - Global Attribute: programVersion                         NF90_CHAR   length 10 valor: 3 Aug 2022

 ** Readings dim id, name, length 

dimension id 1 nombre frame length=         500
dimension id 2 nombre atom length=      216000
dimension id 3 nombre cell_spatial length=           3
dimension id 4 nombre cell_angular length=           3
dimension id 5 nombre label length=          10
dimension id 6 nombre spatial length=           3

 ** Readings vars, type, no. dimensions, no. attrs 

varid= 1 spatial            NF90_CHAR   ndims = 1 nattrs= 0
  ** dim id =  6 length =      3
varid= 2 cell_spatial       NF90_CHAR   ndims = 1 nattrs= 0
  ** dim id =  6 length =      3
varid= 3 cell_angular       NF90_CHAR   ndims = 2 nattrs= 0
  ** dim id =  5 length =     10
  ** dim id =  6 length =      3
varid= 4 time               NF90_FLOAT  ndims = 1 nattrs= 2
  ** dim id =  1 length =    500
    · Attribute units              NF90_CHAR   length 11
    · Attribute scale_factor       NF90_FLOAT  length  1
varid= 5 cell_origin        NF90_FLOAT  ndims = 2 nattrs= 1
  ** dim id =  3 length =      3
  ** dim id =  1 length =    500
    · Attribute units              NF90_CHAR   length  8
varid= 6 cell_lengths       NF90_FLOAT  ndims = 2 nattrs= 1
  ** dim id =  3 length =      3
  ** dim id =  1 length =    500
    · Attribute units              NF90_CHAR   length  8
varid= 7 cell_angles        NF90_FLOAT  ndims = 2 nattrs= 1
  ** dim id =  4 length =      3
  ** dim id =  1 length =    500
    · Attribute units              NF90_CHAR   length  6
varid= 8 id                 NF90_INT    ndims = 2 nattrs= 0
  ** dim id =  2 length = 216000
  ** dim id =  1 length =    500
varid= 9 type               NF90_INT    ndims = 2 nattrs= 0
  ** dim id =  2 length = 216000
  ** dim id =  1 length =    500
varid=10 coordinates        NF90_FLOAT  ndims = 3 nattrs= 1
  ** dim id =  6 length =      3
  ** dim id =  2 length = 216000
  ** dim id =  1 length =    500
    · Attribute units              NF90_CHAR   length  8
varid=11 velocities         NF90_FLOAT  ndims = 3 nattrs= 1
  ** dim id =  6 length =      3
  ** dim id =  2 length = 216000
  ** dim id =  1 length =    500
    · Attribute units              NF90_CHAR   length 20

 ** Number of atoms types =  2

       Number of atoms of types  1=  172800

       Number of atoms of types  2=   43200

Reading configuration number: 1

Reading configuration number: 2

Reading configuration number: 3

Reading configuration number: 4

Reading configuration number: 5

Reading configuration number: 6

Reading configuration number: 7

Reading configuration number: 8

Reading configuration number: 9

Reading configuration number: 10

Reading configuration number: 11

Reading configuration number: 12

Reading configuration number: 13

Reading configuration number: 14

Reading configuration number: 15

Reading configuration number: 16

Reading configuration number: 17

Reading configuration number: 18

Reading configuration number: 19

Reading configuration number: 20

Reading configuration number: 21

Reading configuration number: 22

Reading configuration number: 23

Reading configuration number: 24

Reading configuration number: 25

Reading configuration number: 26

Reading configuration number: 27

Reading configuration number: 28

Reading configuration number: 29

Reading configuration number: 30

Reading configuration number: 31

Reading configuration number: 32

Reading configuration number: 33

Reading configuration number: 34

Reading configuration number: 35

Reading configuration number: 36

Reading configuration number: 37

Reading configuration number: 38

Reading configuration number: 39

Reading configuration number: 40

Reading configuration number: 41

Reading configuration number: 42

Reading configuration number: 43

Reading configuration number: 44

Reading configuration number: 45

Reading configuration number: 46

Reading configuration number: 47

Reading configuration number: 48

Reading configuration number: 49

Reading configuration number: 50

Reading configuration number: 51

Reading configuration number: 52

Reading configuration number: 53

Reading configuration number: 54

Reading configuration number: 55

Reading configuration number: 56

Reading configuration number: 57

Reading configuration number: 58

Reading configuration number: 59

Reading configuration number: 60

Reading configuration number: 61

Reading configuration number: 62

Reading configuration number: 63

Reading configuration number: 64

Reading configuration number: 65

Reading configuration number: 66

Reading configuration number: 67

Reading configuration number: 68

Reading configuration number: 69

Reading configuration number: 70

Reading configuration number: 71

Reading configuration number: 72

Reading configuration number: 73

Reading configuration number: 74

Reading configuration number: 75

Reading configuration number: 76

Reading configuration number: 77

Reading configuration number: 78

Reading configuration number: 79

Reading configuration number: 80

Reading configuration number: 81

Reading configuration number: 82

Reading configuration number: 83

Reading configuration number: 84

Reading configuration number: 85

Reading configuration number: 86

Reading configuration number: 87

Reading configuration number: 88

Reading configuration number: 89

Reading configuration number: 90

Reading configuration number: 91

Reading configuration number: 92

Reading configuration number: 93

Reading configuration number: 94

Reading configuration number: 95

Reading configuration number: 96

Reading configuration number: 97

Reading configuration number: 98

Reading configuration number: 99

Reading configuration number: 100

Reading configuration number: 101

Reading configuration number: 102

Reading configuration number: 103

Reading configuration number: 104

Reading configuration number: 105

Reading configuration number: 106

Reading configuration number: 107

Reading configuration number: 108

Reading configuration number: 109

Reading configuration number: 110

Reading configuration number: 111

Reading configuration number: 112

Reading configuration number: 113

Reading configuration number: 114

Reading configuration number: 115

Reading configuration number: 116

Reading configuration number: 117

Reading configuration number: 118

Reading configuration number: 119

Reading configuration number: 120

Reading configuration number: 121

Reading configuration number: 122

Reading configuration number: 123

Reading configuration number: 124

Reading configuration number: 125

Reading configuration number: 126

Reading configuration number: 127

Reading configuration number: 128

Reading configuration number: 129

Reading configuration number: 130

Reading configuration number: 131

Reading configuration number: 132

Reading configuration number: 133

Reading configuration number: 134

Reading configuration number: 135

Reading configuration number: 136

Reading configuration number: 137

Reading configuration number: 138

Reading configuration number: 139

Reading configuration number: 140

Reading configuration number: 141

Reading configuration number: 142

Reading configuration number: 143

Reading configuration number: 144

Reading configuration number: 145

Reading configuration number: 146

Reading configuration number: 147

Reading configuration number: 148

Reading configuration number: 149

Reading configuration number: 150

Reading configuration number: 151

Reading configuration number: 152

Reading configuration number: 153

Reading configuration number: 154

Reading configuration number: 155

Reading configuration number: 156

Reading configuration number: 157

Reading configuration number: 158

Reading configuration number: 159

Reading configuration number: 160

Reading configuration number: 161

Reading configuration number: 162

Reading configuration number: 163

Reading configuration number: 164

Reading configuration number: 165

Reading configuration number: 166

Reading configuration number: 167

Reading configuration number: 168

Reading configuration number: 169

Reading configuration number: 170

Reading configuration number: 171

Reading configuration number: 172

Reading configuration number: 173

Reading configuration number: 174

Reading configuration number: 175

Reading configuration number: 176

Reading configuration number: 177

Reading configuration number: 178

Reading configuration number: 179

Reading configuration number: 180

Reading configuration number: 181

Reading configuration number: 182

Reading configuration number: 183

Reading configuration number: 184

Reading configuration number: 185

Reading configuration number: 186

Reading configuration number: 187

Reading configuration number: 188

Reading configuration number: 189

Reading configuration number: 190

Reading configuration number: 191

Reading configuration number: 192

Reading configuration number: 193

Reading configuration number: 194

Reading configuration number: 195

Reading configuration number: 196

Reading configuration number: 197

Reading configuration number: 198

Reading configuration number: 199

Reading configuration number: 200

Reading configuration number: 201

Reading configuration number: 202

Reading configuration number: 203

Reading configuration number: 204

Reading configuration number: 205

Reading configuration number: 206

Reading configuration number: 207

Reading configuration number: 208

Reading configuration number: 209

Reading configuration number: 210

Reading configuration number: 211

Reading configuration number: 212

Reading configuration number: 213

Reading configuration number: 214

Reading configuration number: 215

Reading configuration number: 216

Reading configuration number: 217

Reading configuration number: 218

Reading configuration number: 219

Reading configuration number: 220

Reading configuration number: 221

Reading configuration number: 222

Reading configuration number: 223

Reading configuration number: 224

Reading configuration number: 225

Reading configuration number: 226

Reading configuration number: 227

Reading configuration number: 228

Reading configuration number: 229

Reading configuration number: 230

Reading configuration number: 231

Reading configuration number: 232

Reading configuration number: 233

Reading configuration number: 234

Reading configuration number: 235

Reading configuration number: 236

Reading configuration number: 237

Reading configuration number: 238

Reading configuration number: 239

Reading configuration number: 240

Reading configuration number: 241

Reading configuration number: 242

Reading configuration number: 243

Reading configuration number: 244

Reading configuration number: 245

Reading configuration number: 246

Reading configuration number: 247

Reading configuration number: 248

Reading configuration number: 249

Reading configuration number: 250

Reading configuration number: 251

Reading configuration number: 252

Reading configuration number: 253

Reading configuration number: 254

Reading configuration number: 255

Reading configuration number: 256

Reading configuration number: 257

Reading configuration number: 258

Reading configuration number: 259

Reading configuration number: 260

Reading configuration number: 261

Reading configuration number: 262

Reading configuration number: 263

Reading configuration number: 264

Reading configuration number: 265

Reading configuration number: 266

Reading configuration number: 267

Reading configuration number: 268

Reading configuration number: 269

Reading configuration number: 270

Reading configuration number: 271

Reading configuration number: 272

Reading configuration number: 273

Reading configuration number: 274

Reading configuration number: 275

Reading configuration number: 276

Reading configuration number: 277

Reading configuration number: 278

Reading configuration number: 279

Reading configuration number: 280

Reading configuration number: 281

Reading configuration number: 282

Reading configuration number: 283

Reading configuration number: 284

Reading configuration number: 285

Reading configuration number: 286

Reading configuration number: 287

Reading configuration number: 288

Reading configuration number: 289

Reading configuration number: 290

Reading configuration number: 291

Reading configuration number: 292

Reading configuration number: 293

Reading configuration number: 294

Reading configuration number: 295

Reading configuration number: 296

Reading configuration number: 297

Reading configuration number: 298

Reading configuration number: 299

Reading configuration number: 300

Reading configuration number: 301

Reading configuration number: 302

Reading configuration number: 303

Reading configuration number: 304

Reading configuration number: 305

Reading configuration number: 306

Reading configuration number: 307

Reading configuration number: 308

Reading configuration number: 309

Reading configuration number: 310

Reading configuration number: 311

Reading configuration number: 312

Reading configuration number: 313

Reading configuration number: 314

Reading configuration number: 315

Reading configuration number: 316

Reading configuration number: 317

Reading configuration number: 318

Reading configuration number: 319

Reading configuration number: 320

Reading configuration number: 321

Reading configuration number: 322

Reading configuration number: 323

Reading configuration number: 324

Reading configuration number: 325

Reading configuration number: 326

Reading configuration number: 327

Reading configuration number: 328

Reading configuration number: 329

Reading configuration number: 330

Reading configuration number: 331

Reading configuration number: 332

Reading configuration number: 333

Reading configuration number: 334

Reading configuration number: 335

Reading configuration number: 336

Reading configuration number: 337

Reading configuration number: 338

Reading configuration number: 339

Reading configuration number: 340

Reading configuration number: 341

Reading configuration number: 342

Reading configuration number: 343

Reading configuration number: 344

Reading configuration number: 345

Reading configuration number: 346

Reading configuration number: 347

Reading configuration number: 348

Reading configuration number: 349

Reading configuration number: 350

Reading configuration number: 351

Reading configuration number: 352

Reading configuration number: 353

Reading configuration number: 354

Reading configuration number: 355

Reading configuration number: 356

Reading configuration number: 357

Reading configuration number: 358

Reading configuration number: 359

Reading configuration number: 360

Reading configuration number: 361

Reading configuration number: 362

Reading configuration number: 363

Reading configuration number: 364

Reading configuration number: 365

Reading configuration number: 366

Reading configuration number: 367

Reading configuration number: 368

Reading configuration number: 369

Reading configuration number: 370

Reading configuration number: 371

Reading configuration number: 372

Reading configuration number: 373

Reading configuration number: 374

Reading configuration number: 375

Reading configuration number: 376

Reading configuration number: 377

Reading configuration number: 378

Reading configuration number: 379

Reading configuration number: 380

Reading configuration number: 381

Reading configuration number: 382

Reading configuration number: 383

Reading configuration number: 384

Reading configuration number: 385

Reading configuration number: 386

Reading configuration number: 387

Reading configuration number: 388

Reading configuration number: 389

Reading configuration number: 390

Reading configuration number: 391

Reading configuration number: 392

Reading configuration number: 393

Reading configuration number: 394

Reading configuration number: 395

Reading configuration number: 396

Reading configuration number: 397

Reading configuration number: 398

Reading configuration number: 399

Reading configuration number: 400

Reading configuration number: 401

Reading configuration number: 402

Reading configuration number: 403

Reading configuration number: 404

Reading configuration number: 405

Reading configuration number: 406

Reading configuration number: 407

Reading configuration number: 408

Reading configuration number: 409

Reading configuration number: 410

Reading configuration number: 411

Reading configuration number: 412

Reading configuration number: 413

Reading configuration number: 414

Reading configuration number: 415

Reading configuration number: 416

Reading configuration number: 417

Reading configuration number: 418

Reading configuration number: 419

Reading configuration number: 420

Reading configuration number: 421

Reading configuration number: 422

Reading configuration number: 423

Reading configuration number: 424

Reading configuration number: 425

Reading configuration number: 426

Reading configuration number: 427

Reading configuration number: 428

Reading configuration number: 429

Reading configuration number: 430

Reading configuration number: 431

Reading configuration number: 432

Reading configuration number: 433

Reading configuration number: 434

Reading configuration number: 435

Reading configuration number: 436

Reading configuration number: 437

Reading configuration number: 438

Reading configuration number: 439

Reading configuration number: 440

Reading configuration number: 441

Reading configuration number: 442

Reading configuration number: 443

Reading configuration number: 444

Reading configuration number: 445

Reading configuration number: 446

Reading configuration number: 447

Reading configuration number: 448

Reading configuration number: 449

Reading configuration number: 450

Reading configuration number: 451

Reading configuration number: 452

Reading configuration number: 453

Reading configuration number: 454

Reading configuration number: 455

Reading configuration number: 456

Reading configuration number: 457

Reading configuration number: 458

Reading configuration number: 459

Reading configuration number: 460

Reading configuration number: 461

Reading configuration number: 462

Reading configuration number: 463

Reading configuration number: 464

Reading configuration number: 465

Reading configuration number: 466

Reading configuration number: 467

Reading configuration number: 468

Reading configuration number: 469

Reading configuration number: 470

Reading configuration number: 471

Reading configuration number: 472

Reading configuration number: 473

Reading configuration number: 474

Reading configuration number: 475

Reading configuration number: 476

Reading configuration number: 477

Reading configuration number: 478

Reading configuration number: 479

Reading configuration number: 480

Reading configuration number: 481

Reading configuration number: 482

Reading configuration number: 483

Reading configuration number: 484

Reading configuration number: 485

Reading configuration number: 486

Reading configuration number: 487

Reading configuration number: 488

Reading configuration number: 489

Reading configuration number: 490

Reading configuration number: 491

Reading configuration number: 492

Reading configuration number: 493

Reading configuration number: 494

Reading configuration number: 495

Reading configuration number: 496

Reading configuration number: 497

Reading configuration number: 498

Reading configuration number: 499

Reading configuration number: 500
